c:\users\dorongseok\desktop\실습 16~19\computergraphics_framework\debug\computergraphics_framework.pch
c:\users\dorongseok\desktop\실습 16~19\computergraphics_framework\debug\vc140.pdb
c:\users\dorongseok\desktop\실습 16~19\computergraphics_framework\debug\vc140.idb
c:\users\dorongseok\desktop\실습 16~19\computergraphics_framework\debug\pch.obj
c:\users\dorongseok\desktop\실습 16~19\computergraphics_framework\debug\scene.obj
c:\users\dorongseok\desktop\실습 16~19\computergraphics_framework\debug\testscene.obj
c:\users\dorongseok\desktop\실습 16~19\computergraphics_framework\debug\practice16.obj
c:\users\dorongseok\desktop\실습 16~19\computergraphics_framework\debug\main.obj
c:\users\dorongseok\desktop\실습 16~19\computergraphics_framework\debug\glframework.obj
c:\users\dorongseok\desktop\실습 16~19\computergraphics_framework\debug\practice17.obj
c:\users\dorongseok\desktop\실습 16~19\computergraphics_framework\debug\practice18.obj
c:\users\dorongseok\desktop\실습 16~19\computergraphics_framework\debug\practice19.obj
c:\users\dorongseok\desktop\실습 16~19\computergraphics_framework\debug\practice23.obj
c:\users\dorongseok\desktop\실습 16~19\computergraphics_framework\debug\practice24.obj
c:\users\dorongseok\desktop\실습 16~19\computergraphics_framework\debug\practice25.obj
c:\users\dorongseok\desktop\실습 16~19\computergraphics_framework\debug\practice26.obj
c:\users\dorongseok\desktop\실습 16~19\computergraphics_framework\debug\practice27.obj
c:\users\dorongseok\desktop\실습 16~19\computergraphics_framework\debug\practice30.obj
c:\computer_graphics_final_project\multiverse\computergraphics_framework\debug\computergraphics_framework.pch
c:\computer_graphics_final_project\multiverse\computergraphics_framework\debug\vc140.pdb
c:\computer_graphics_final_project\multiverse\computergraphics_framework\debug\vc140.idb
c:\computer_graphics_final_project\multiverse\computergraphics_framework\debug\pch.obj
c:\computer_graphics_final_project\multiverse\computergraphics_framework\debug\main.obj
c:\computer_graphics_final_project\multiverse\computergraphics_framework\debug\practice30.obj
c:\computer_graphics_final_project\multiverse\computergraphics_framework\debug\scene.obj
c:\computer_graphics_final_project\multiverse\computergraphics_framework\debug\glframework.obj
c:\computer_graphics_final_project\multiverse\computergraphics_framework\debug\mainscene.obj
c:\users\dorongseok\desktop\실습 16~19\debug\computergraphics_framework.ilk
c:\users\dorongseok\desktop\실습 16~19\debug\computergraphics_framework.exe
c:\users\dorongseok\desktop\실습 16~19\debug\computergraphics_framework.pdb
c:\computer_graphics_final_project\multiverse\debug\computergraphics_framework.ilk
c:\computer_graphics_final_project\multiverse\debug\computergraphics_framework.exe
c:\computer_graphics_final_project\multiverse\debug\computergraphics_framework.pdb
c:\computer_graphics_final_project\multiverse\computergraphics_framework\debug\practice16.obj
c:\computer_graphics_final_project\multiverse\computergraphics_framework\debug\practice17.obj
c:\computer_graphics_final_project\multiverse\computergraphics_framework\debug\practice18.obj
c:\computer_graphics_final_project\multiverse\computergraphics_framework\debug\practice19.obj
c:\computer_graphics_final_project\multiverse\computergraphics_framework\debug\practice23.obj
c:\computer_graphics_final_project\multiverse\computergraphics_framework\debug\practice24.obj
c:\computer_graphics_final_project\multiverse\computergraphics_framework\debug\practice25.obj
c:\computer_graphics_final_project\multiverse\computergraphics_framework\debug\practice26.obj
c:\computer_graphics_final_project\multiverse\computergraphics_framework\debug\practice27.obj
c:\computer_graphics_final_project\multiverse\computergraphics_framework\debug\testscene.obj
c:\computer_graphics_final_project\multiverse\computergraphics_framework\debug\computer.f1cc8ffa.tlog\cl.command.1.tlog
c:\computer_graphics_final_project\multiverse\computergraphics_framework\debug\computer.f1cc8ffa.tlog\cl.read.1.tlog
c:\computer_graphics_final_project\multiverse\computergraphics_framework\debug\computer.f1cc8ffa.tlog\cl.write.1.tlog
c:\computer_graphics_final_project\multiverse\computergraphics_framework\debug\computer.f1cc8ffa.tlog\link.command.1.tlog
c:\computer_graphics_final_project\multiverse\computergraphics_framework\debug\computer.f1cc8ffa.tlog\link.read.1.tlog
c:\computer_graphics_final_project\multiverse\computergraphics_framework\debug\computer.f1cc8ffa.tlog\link.write.1.tlog
